[debug] [2024-11-16T10:50:42.550Z] ----------------------------------------------------------------------
[debug] [2024-11-16T10:50:42.551Z] Command:       /Users/francoisdavepierre/.nvm/versions/node/v18.20.4/bin/node /Users/francoisdavepierre/.nvm/versions/node/v18.20.4/bin/firebase emulators:start --only functions
[debug] [2024-11-16T10:50:42.551Z] CLI Version:   13.25.0
[debug] [2024-11-16T10:50:42.551Z] Platform:      darwin
[debug] [2024-11-16T10:50:42.551Z] Node Version:  v18.20.4
[debug] [2024-11-16T10:50:42.554Z] Time:          Sat Nov 16 2024 11:50:42 GMT+0100 (Central European Standard Time)
[debug] [2024-11-16T10:50:42.555Z] ----------------------------------------------------------------------
[debug] 
[debug] [2024-11-16T10:50:42.601Z] > command requires scopes: ["email","openid","https://www.googleapis.com/auth/cloudplatformprojects.readonly","https://www.googleapis.com/auth/firebase","https://www.googleapis.com/auth/cloud-platform"]
[debug] [2024-11-16T10:50:42.601Z] > authorizing via signed-in user (lildavehaiti@gmail.com)
[info] i  emulators: Starting emulators: functions {"metadata":{"emulator":{"name":"hub"},"message":"Starting emulators: functions"}}
[debug] [2024-11-16T10:50:42.856Z] [logging] Logging Emulator only supports listening on one address (127.0.0.1). Not listening on ::1
[debug] [2024-11-16T10:50:42.856Z] assigned listening specs for emulators {"user":{"hub":[{"address":"127.0.0.1","family":"IPv4","port":4400},{"address":"::1","family":"IPv6","port":4400}],"ui":[{"address":"127.0.0.1","family":"IPv4","port":4000},{"address":"::1","family":"IPv6","port":4000}],"logging":[{"address":"127.0.0.1","family":"IPv4","port":4500}]},"metadata":{"message":"assigned listening specs for emulators"}}
[debug] [2024-11-16T10:50:42.858Z] [hub] writing locator at /var/folders/bg/5_j94nln6pz1n7gw0t_6g2cc0000gn/T/hub-temple-medium-tarot.json
[debug] [2024-11-16T10:50:43.053Z] [functions] Functions Emulator only supports listening on one address (127.0.0.1). Not listening on ::1
[debug] [2024-11-16T10:50:43.054Z] [eventarc] Eventarc Emulator only supports listening on one address (127.0.0.1). Not listening on ::1
[debug] [2024-11-16T10:50:43.054Z] [tasks] Cloud Tasks Emulator only supports listening on one address (127.0.0.1). Not listening on ::1
[debug] [2024-11-16T10:50:43.054Z] late-assigned ports for functions and eventarc emulators {"user":{"hub":[{"address":"127.0.0.1","family":"IPv4","port":4400},{"address":"::1","family":"IPv6","port":4400}],"ui":[{"address":"127.0.0.1","family":"IPv4","port":4000},{"address":"::1","family":"IPv6","port":4000}],"logging":[{"address":"127.0.0.1","family":"IPv4","port":4500}],"functions":[{"address":"127.0.0.1","family":"IPv4","port":5001}],"eventarc":[{"address":"127.0.0.1","family":"IPv4","port":9299}],"tasks":[{"address":"127.0.0.1","family":"IPv4","port":9499}]},"metadata":{"message":"late-assigned ports for functions and eventarc emulators"}}
[warn] ⚠  functions: The following emulators are not running, calls to these services from the Functions emulator will affect production: auth, firestore, database, hosting, pubsub, storage, dataconnect {"metadata":{"emulator":{"name":"functions"},"message":"The following emulators are not running, calls to these services from the Functions emulator will affect production: \u001b[1mauth, firestore, database, hosting, pubsub, storage, dataconnect\u001b[22m"}}
[debug] [2024-11-16T10:50:43.055Z] defaultcredentials: writing to file /Users/francoisdavepierre/.config/firebase/lildavehaiti_gmail_com_application_default_credentials.json
[debug] [2024-11-16T10:50:43.058Z] Setting GAC to /Users/francoisdavepierre/.config/firebase/lildavehaiti_gmail_com_application_default_credentials.json {"metadata":{"emulator":{"name":"functions"},"message":"Setting GAC to /Users/francoisdavepierre/.config/firebase/lildavehaiti_gmail_com_application_default_credentials.json"}}
[debug] [2024-11-16T10:50:43.059Z] Checked if tokens are valid: true, expires at: 1731756182708
[debug] [2024-11-16T10:50:43.059Z] Checked if tokens are valid: true, expires at: 1731756182708
[debug] [2024-11-16T10:50:43.059Z] >>> [apiv2][query] GET https://firebase.googleapis.com/v1beta1/projects/temple-medium-tarot/adminSdkConfig [none]
[debug] [2024-11-16T10:50:43.419Z] <<< [apiv2][status] GET https://firebase.googleapis.com/v1beta1/projects/temple-medium-tarot/adminSdkConfig 200
[debug] [2024-11-16T10:50:43.419Z] <<< [apiv2][body] GET https://firebase.googleapis.com/v1beta1/projects/temple-medium-tarot/adminSdkConfig {"projectId":"temple-medium-tarot","storageBucket":"temple-medium-tarot.firebasestorage.app"}
[debug] [2024-11-16T10:50:43.442Z] Ignoring unsupported arg: auto_download {"metadata":{"emulator":{"name":"ui"},"message":"Ignoring unsupported arg: auto_download"}}
[debug] [2024-11-16T10:50:43.442Z] Ignoring unsupported arg: port {"metadata":{"emulator":{"name":"ui"},"message":"Ignoring unsupported arg: port"}}
[debug] [2024-11-16T10:50:43.442Z] Starting Emulator UI with command {"binary":"node","args":["/Users/francoisdavepierre/.cache/firebase/emulators/ui-v1.14.0/server/server.mjs"],"optionalArgs":[],"joinArgs":false,"shell":false,"port":4000} {"metadata":{"emulator":{"name":"ui"},"message":"Starting Emulator UI with command {\"binary\":\"node\",\"args\":[\"/Users/francoisdavepierre/.cache/firebase/emulators/ui-v1.14.0/server/server.mjs\"],\"optionalArgs\":[],\"joinArgs\":false,\"shell\":false,\"port\":4000}"}}
[info] i  ui: Emulator UI logging to ui-debug.log {"metadata":{"emulator":{"name":"ui"},"message":"Emulator UI logging to \u001b[1mui-debug.log\u001b[22m"}}
[debug] [2024-11-16T10:50:43.516Z] Web / API server started at 127.0.0.1:4000
 {"metadata":{"emulator":{"name":"ui"},"message":"Web / API server started at 127.0.0.1:4000\n"}}
[debug] [2024-11-16T10:50:43.516Z] Web / API server started at ::1:4000
 {"metadata":{"emulator":{"name":"ui"},"message":"Web / API server started at ::1:4000\n"}}
[info] i  functions: Watching "/Users/francoisdavepierre/Documents/temple-medium-tarot/functions" for Cloud Functions... {"metadata":{"emulator":{"name":"functions"},"message":"Watching \"/Users/francoisdavepierre/Documents/temple-medium-tarot/functions\" for Cloud Functions..."}}
[debug] [2024-11-16T10:50:43.654Z] Validating nodejs source
[warn] ⚠  functions: package.json indicates an outdated version of firebase-functions. Please upgrade using npm install --save firebase-functions@latest in your functions directory. 
[warn] ⚠  functions: Please note that there will be breaking changes when you upgrade. 
[debug] [2024-11-16T10:50:44.095Z] > [functions] package.json contents: {
  "name": "functions",
  "description": "Cloud Functions for Firebase",
  "scripts": {
    "deploy": "firebase deploy --only functions",
    "logs": "firebase functions:log"
  },
  "engines": {
    "node": "18"
  },
  "main": "index.js",
  "dependencies": {
    "firebase-admin": "11.11.1",
    "firebase-functions": "4.5.0"
  },
  "private": true
}
[debug] [2024-11-16T10:50:44.095Z] Building nodejs source
[debug] [2024-11-16T10:50:44.095Z] Failed to find version of module node: reached end of search path /Users/francoisdavepierre/Documents/temple-medium-tarot/functions/node_modules
[info] ✔  functions: Using node@18 from host. 
[info] i  functions: You are using a version of firebase-functions SDK (4.5.0) that does not have support for the newest Firebase Extensions features. Please update firebase-functions SDK to >=5.1.0 to use them correctly 
[debug] [2024-11-16T10:50:44.096Z] Could not find functions.yaml. Must use http discovery
[debug] [2024-11-16T10:50:44.099Z] Found firebase-functions binary at '/Users/francoisdavepierre/Documents/temple-medium-tarot/functions/node_modules/.bin/firebase-functions'
[info] Serving at port 8142

[debug] [2024-11-16T10:50:44.335Z] Got response from /__/functions.yaml {"endpoints":{},"specVersion":"v1alpha1","requiredAPIs":[]}
[info] ✔  functions: Loaded functions definitions from source: . {"metadata":{"emulator":{"name":"functions"},"message":"Loaded functions definitions from source: ."}}
[info] i  functions: Watching "/Users/francoisdavepierre/Documents/temple-medium-tarot/temple-mediumnew-api" for Cloud Functions... {"metadata":{"emulator":{"name":"functions"},"message":"Watching \"/Users/francoisdavepierre/Documents/temple-medium-tarot/temple-mediumnew-api\" for Cloud Functions..."}}
[debug] [2024-11-16T10:50:44.342Z] Validating nodejs source
[debug] [2024-11-16T10:50:44.595Z] > [functions] package.json contents: {
  "name": "functions",
  "description": "Cloud Functions for Firebase",
  "scripts": {
    "lint": "eslint .",
    "serve": "firebase emulators:start --only functions",
    "shell": "firebase functions:shell",
    "start": "npm run shell",
    "deploy": "firebase deploy --only functions",
    "logs": "firebase functions:log"
  },
  "engines": {
    "node": "18"
  },
  "main": "index.js",
  "devDependencies": {
    "eslint": "^8.15.0",
    "eslint-config-google": "^0.14.0",
    "firebase-functions-test": "^3.1.0"
  },
  "private": true,
  "dependencies": {
    "firebase-admin": "^13.0.0",
    "firebase-functions": "^6.1.0"
  }
}
[debug] [2024-11-16T10:50:44.596Z] Building nodejs source
[debug] [2024-11-16T10:50:44.596Z] Failed to find version of module node: reached end of search path /Users/francoisdavepierre/Documents/temple-medium-tarot/temple-mediumnew-api/node_modules
[info] ✔  functions: Using node@18 from host. 
[debug] [2024-11-16T10:50:44.596Z] Could not find functions.yaml. Must use http discovery
[debug] [2024-11-16T10:50:44.596Z] Found firebase-functions binary at '/Users/francoisdavepierre/Documents/temple-medium-tarot/temple-mediumnew-api/node_modules/.bin/firebase-functions'
[info] Serving at port 8267

[debug] [2024-11-16T10:50:44.826Z] Got response from /__/functions.yaml {"endpoints":{},"specVersion":"v1alpha1","requiredAPIs":[],"extensions":{}}
[info] ✔  functions: Loaded functions definitions from source: . {"metadata":{"emulator":{"name":"functions"},"message":"Loaded functions definitions from source: ."}}
[debug] [2024-11-16T10:50:44.832Z] Could not find VSCode notification endpoint: FetchError: request to http://localhost:40001/vscode/notify failed, reason: connect ECONNREFUSED ::1:40001. If you are not running the Firebase Data Connect VSCode extension, this is expected and not an issue.
[info] 
┌─────────────────────────────────────────────────────────────┐
│ ✔  All emulators ready! It is now safe to connect your app. │
│ i  View Emulator UI at http://127.0.0.1:4000/               │
└─────────────────────────────────────────────────────────────┘

┌───────────┬────────────────┬─────────────────────────────────┐
│ Emulator  │ Host:Port      │ View in Emulator UI             │
├───────────┼────────────────┼─────────────────────────────────┤
│ Functions │ 127.0.0.1:5001 │ http://127.0.0.1:4000/functions │
└───────────┴────────────────┴─────────────────────────────────┘
  Emulator Hub running at 127.0.0.1:4400
  Other reserved ports: 4500

Issues? Report them at https://github.com/firebase/firebase-tools/issues and attach the *-debug.log files.
 
